[DELETE] ../mediatek/custom/out/huawei82_wet_jb5/kernel/modules.builtin
  CHK     include/linux/version.h
  CHK     include/generated/utsrelease.h
make[1]: `include/generated/mach-types.h' is up to date.
  CALL    scripts/checksyscalls.sh
  CHK     include/generated/compile.h
  CC      mediatek/platform/mt6582/kernel/core/mt_devs.o
  CC      mediatek/custom/out/huawei82_wet_jb5/kernel/alsps/ltr559.o
  CC      mediatek/custom/out/huawei82_wet_jb5/kernel/alsps/tmd2771.o
  CC [M]  mediatek/platform/mt6582/kernel/drivers/dual_ccci/asf/core/alg_aes_export.o
  CC      mediatek/platform/mt6582/kernel/core/camera_pipe_mgr.o
  CC      mediatek/custom/out/huawei82_wet_jb5/kernel/camera/kd_camera_hw.o
  CHK     kernel/config_data.h
  CC [M]  mediatek/platform/mt6582/kernel/drivers/dual_ccci/asf/core/alg_sha1.o
  CC [M]  mediatek/platform/mt6582/kernel/drivers/dual_ccci/asf/core/sec_aes.o
  CC [M]  mediatek/platform/mt6582/kernel/drivers/masp/asf/core/alg_aes_legacy.o
  CC [M]  mediatek/platform/mt6582/kernel/drivers/masp/asf/core/alg_aes_so.o
  CC [M]  mediatek/platform/mt6582/kernel/drivers/dual_ccci/asf/core/sec_hdr.o
  CC [M]  mediatek/platform/mt6582/kernel/drivers/dual_ccci/asf/core/sec_dev_util.o
  CC [M]  mediatek/platform/mt6582/kernel/drivers/dual_ccci/asf/core/sec_mtd_util.o
  CC [M]  mediatek/platform/mt6582/kernel/drivers/dual_ccci/asf/core/sec_usif_util.o
  CC [M]  mediatek/platform/mt6582/kernel/drivers/dual_ccci/asf/core/sec_cfg_crypto.o
  CC [M]  mediatek/platform/mt6582/kernel/drivers/masp/asf/core/sec_cfg_ver.o
  CC [M]  mediatek/platform/mt6582/kernel/drivers/dual_ccci/asf/core/sec_signfmt_core.o
  CC [M]  mediatek/platform/mt6582/kernel/drivers/dual_ccci/asf/core/sec_signfmt_util.o
  CC [M]  mediatek/platform/mt6582/kernel/drivers/dual_ccci/asf/core/sec_signfmt_v2.o
  CC [M]  mediatek/platform/mt6582/kernel/drivers/dual_ccci/asf/core/sec_signfmt_v3.o
  CC [M]  mediatek/platform/mt6582/kernel/drivers/dual_ccci/asf/core/sec_signfmt_v4.o
  CC [M]  mediatek/platform/mt6582/kernel/drivers/dual_ccci/asf/core/sec_cipherfmt_core.o
  CC [M]  mediatek/platform/mt6582/kernel/drivers/dual_ccci/asf/core/sec_key_util.o
  CC [M]  mediatek/platform/mt6582/kernel/drivers/dual_ccci/asf/core/sec_ops.o
  CC [M]  mediatek/platform/mt6582/kernel/drivers/dual_ccci/asf/core/sec_boot_lib.o
  CC [M]  mediatek/platform/mt6582/kernel/drivers/dual_ccci/asf/core/sec_secro.o
  CC [M]  mediatek/platform/mt6582/kernel/drivers/dual_ccci/asf/core/sec_usbdl.o
  CC [M]  mediatek/platform/mt6582/kernel/drivers/dual_ccci/asf/core/sec_dev.o
  CC [M]  mediatek/platform/mt6582/kernel/drivers/dual_ccci/asf/core/sec_ccci.o
  CC [M]  mediatek/platform/mt6582/kernel/drivers/dual_ccci/asf/core/sec_mtd.o
  CC [M]  mediatek/platform/mt6582/kernel/drivers/dual_ccci/asf/core/sec_usif.o
  CC [M]  mediatek/platform/mt6582/kernel/drivers/dual_ccci/asf/core/sec_fsutil_inter.o
  CC [M]  mediatek/platform/mt6582/kernel/drivers/dual_ccci/asf/core/sec_boot_core.o
  AS [M]  mediatek/platform/mt6582/kernel/drivers/dual_ccci/mach/sec_lib.o
  AS [M]  mediatek/platform/mt6582/kernel/drivers/dual_ccci/mach/hacc_hk.o

  AS [M]  mediatek/platform/mt6582/kernel/drivers/dual_ccci/mach/hacc_export.o
  AS [M]  mediatek/platform/mt6582/kernel/drivers/dual_ccci/mach/hacc_sk.o
  CC [M]  mediatek/platform/mt6582/kernel/drivers/dual_ccci/asf/crypto/rsa_lib.o
  CC [M]  mediatek/platform/mt6582/kernel/drivers/dual_ccci/asf/crypto/rsa_core.o
  CC [M]  mediatek/platform/mt6582/kernel/drivers/dual_ccci/asf/crypto/rsa_util.o
  CC [M]  mediatek/platform/mt6582/kernel/drivers/dual_ccci/asf/crypto/bgn_core.o
  CC [M]  mediatek/platform/mt6582/kernel/drivers/dual_ccci/asf/crypto/bgn_io.o
  CC [M]  mediatek/platform/mt6582/kernel/drivers/dual_ccci/asf/crypto/bgn_util.o
  CC [M]  mediatek/platform/mt6582/kernel/drivers/dual_ccci/asf/auth/sec_wrapper.o
  LD [M]  mediatek/platform/mt6582/kernel/drivers/masp/sec.o
  LD [M]  mediatek/platform/mt6582/kernel/drivers/dual_ccci/ccci_plat.o
